<?xml version="1.0" encoding="UTF-8"?>
<testsuite xmlns:xsi="http://www.w3.org/2001/XMLSchema-instance" xsi:noNamespaceSchemaLocation="https://maven.apache.org/surefire/maven-surefire-plugin/xsd/surefire-test-report-3.0.xsd" version="3.0" name="com.javahub.corejava.testing.CalculatorTest" time="0.106" tests="6" errors="0" skipped="0" failures="0">
  <properties>
[...]
</properties>
  <testcase name="multiply_TwoNumbers_ReturnsCorrectProduct" classname="com.javahub.corejava.testing.CalculatorTest" time="0.039"/>
  <testcase name="add_TwoPositiveNumbers_ReturnsCorrectSum" classname="com.javahub.corejava.testing.CalculatorTest" time="0.002"/>
  <testcase name="subtract_TwoNumbers_ReturnsCorrectDifference" classname="com.javahub.corejava.testing.CalculatorTest" time="0.002"/>
  <testcase name="add_PositiveNumberAndZero_ReturnsPositiveNumber" classname="com.javahub.corejava.testing.CalculatorTest" time="0.0"/>
  <testcase name="divide_TwoNumbers_ReturnsCorrectQuotient" classname="com.javahub.corejava.testing.CalculatorTest" time="0.009"/>
  <testcase name="divide_ByZero_ThrowsIllegalArgumentException" classname="com.javahub.corejava.testing.CalculatorTest" time="0.003"/>
</testsuite>